<?xml version="1.0" encoding="UTF-8"?>
<testsuite name="org.sdmlib.examples.SDMLib.ProjectBoard" tests="6" skipped="0" failures="0" errors="0" timestamp="2014-06-18T15:29:32" hostname="ZNOTE" time="0.772">
  <properties/>
  <testcase name="testExtendStoryboardByAddToDoMethod" classname="org.sdmlib.examples.SDMLib.ProjectBoard" time="0.09"/>
  <testcase name="testStoryboardInfrastructureInternals" classname="org.sdmlib.examples.SDMLib.ProjectBoard" time="0.083"/>
  <testcase name="testFeatures" classname="org.sdmlib.examples.SDMLib.ProjectBoard" time="0.086"/>
  <testcase name="testStoryboardInfrastructure" classname="org.sdmlib.examples.SDMLib.ProjectBoard" time="0.279"/>
  <testcase name="testTodoEntries" classname="org.sdmlib.examples.SDMLib.ProjectBoard" time="0.119"/>
  <testcase name="testProjectManagement" classname="org.sdmlib.examples.SDMLib.ProjectBoard" time="0.113"/>
  <system-out><![CDATA[LogEntryStoryBoard ->org.sdmlib.storyboards.KanbanEntry
StoryboardStep ->org.sdmlib.storyboards.Storyboard
]]></system-out>
  <system-err><![CDATA[]]></system-err>
</testsuite>
