<?xml version="1.0" encoding="UTF-8"?>
<testsuite name="org.sdmlib.examples.simpleextends.SimpleExtends" tests="1" skipped="0" failures="0" errors="0" timestamp="2014-06-18T15:29:32" hostname="ZNOTE" time="0.0">
  <properties/>
  <testcase name="testExtends" classname="org.sdmlib.examples.simpleextends.SimpleExtends" time="0.0"/>
  <system-out><![CDATA[]]></system-out>
  <system-err><![CDATA[]]></system-err>
</testsuite>
