<?xml version="1.0" encoding="UTF-8"?>
<testsuite name="org.sdmlib.examples.studyrightWithAssignments.GenerateClasses" tests="1" skipped="0" failures="0" errors="0" timestamp="2014-06-18T15:29:35" hostname="ZNOTE" time="0.443">
  <properties/>
  <testcase name="testMain" classname="org.sdmlib.examples.studyrightWithAssignments.GenerateClasses" time="0.443"/>
  <system-out><![CDATA[Student ->University
Room ->University
Room ->Room
Room ->Room
Student ->Room
Assignment ->Room
Assignment ->Student
Student ->Assignment
Student ->Student
Student ->Student
Student ->Student
Student ->Student
TeachingAssistant ->Room
]]></system-out>
  <system-err><![CDATA[]]></system-err>
</testsuite>
