<?xml version="1.0" encoding="UTF-8"?>
<testsuite name="org.sdmlib.examples.simpleModel.testGenModel" tests="1" skipped="0" failures="0" errors="0" timestamp="2014-06-18T15:29:34" hostname="ZNOTE" time="0.017">
  <properties/>
  <testcase name="testSimpleModel" classname="org.sdmlib.examples.simpleModel.testGenModel" time="0.017"/>
  <system-out><![CDATA[]]></system-out>
  <system-err><![CDATA[]]></system-err>
</testsuite>
