<?xml version="1.0" encoding="UTF-8"?>
<testsuite name="org.sdmlib.examples.ludoreverse.LudoReverseModel" tests="2" skipped="0" failures="0" errors="0" timestamp="2014-06-18T15:29:35" hostname="ZNOTE" time="0.079">
  <properties/>
  <testcase name="LudoModelCreation" classname="org.sdmlib.examples.ludoreverse.LudoReverseModel" time="0.058"/>
  <testcase name="LudoModelReverse" classname="org.sdmlib.examples.ludoreverse.LudoReverseModel" time="0.02"/>
  <system-out><![CDATA[Ludo ->Player
parse org.sdmlib.examples.ludoreverse.model.Ludo
parse org.sdmlib.examples.ludoreverse.model.Player
]]></system-out>
  <system-err><![CDATA[]]></system-err>
</testsuite>
