<?xml version="1.0" encoding="UTF-8"?>
<testsuite name="org.sdmlib.examples.studyright.StudyRightModel" tests="4" skipped="0" failures="0" errors="0" timestamp="2014-06-18T15:29:36" hostname="ZNOTE" time="0.346">
  <properties/>
  <testcase name="testStudyRightExtendsReverseClassModel" classname="org.sdmlib.examples.studyright.StudyRightModel" time="0.103"/>
  <testcase name="testStudyRightOneToOneAssoc" classname="org.sdmlib.examples.studyright.StudyRightModel" time="0.045"/>
  <testcase name="testStudyRightReverseClassModel" classname="org.sdmlib.examples.studyright.StudyRightModel" time="0.045"/>
  <testcase name="testStudyRightClassesCodeGen" classname="org.sdmlib.examples.studyright.StudyRightModel" time="0.151"/>
  <system-out><![CDATA[Room ->org.sdmlib.examples.studyright.model.Room
Room ->org.sdmlib.examples.studyright.model.Room
Lecture ->org.sdmlib.examples.studyright.model.Room
Room ->org.sdmlib.examples.studyright.model.University
Lecture ->org.sdmlib.examples.studyright.model.Professor
Lecture ->org.sdmlib.examples.studyright.model.Student
Student ->University
Room ->University
Room ->Room
Room ->Room
Student ->Room
Room ->Assignment
Assignment ->Student
]]></system-out>
  <system-err><![CDATA[]]></system-err>
</testsuite>
