<?xml version="1.0" encoding="UTF-8"?>
<testsuite name="org.sdmlib.examples.SDMLib.ClassModelTest" tests="1" skipped="0" failures="0" errors="0" timestamp="2014-06-18T15:29:33" hostname="ZNOTE" time="0.277">
  <properties/>
  <testcase name="testClassModelCodeGen" classname="org.sdmlib.examples.SDMLib.ClassModelTest" time="0.277"/>
  <system-out><![CDATA[Clazz ->ClassModel
Clazz ->Clazz
Clazz ->Clazz
Attribute ->Clazz
Parameter ->Method
Method ->Clazz
Role ->Clazz
StatementEntry ->org.sdmlib.codegen.StatementEntry
]]></system-out>
  <system-err><![CDATA[Warning: SDMLib codgen for role source for class org.sdmlib.models.classes.Association: 
Did not find getPropertyChangeSupport call in method removeYou(). Should have been generated by my clazz. 
Could not add required code fragment there. :( 
Warning: SDMLib codgen for role target for class org.sdmlib.models.classes.Association: 
Did not find getPropertyChangeSupport call in method removeYou(). Should have been generated by my clazz. 
Could not add required code fragment there. :( 
in ClassModelTest.java  duplicate name found in definition for Association
    
      Role one vanilla assoc
in ClassModelTest.java  duplicate name found in definition for Association
    
      Role one vanilla assoc
]]></system-err>
</testsuite>
