<?xml version="1.0" encoding="UTF-8"?>
<testsuite name="org.sdmlib.examples.groupAccount.GroupAccountTests" tests="1" skipped="0" failures="0" errors="0" timestamp="2014-06-18T15:29:36" hostname="ZNOTE" time="0.089">
  <properties/>
  <testcase name="testGroupAccountStoryboard1" classname="org.sdmlib.examples.groupAccount.GroupAccountTests" time="0.089"/>
  <system-out><![CDATA[]]></system-out>
  <system-err><![CDATA[]]></system-err>
</testsuite>
