<?xml version="1.0" encoding="UTF-8"?>
<testsuite name="org.sdmlib.examples.helloworld.HelloWorldTTC2011" tests="9" skipped="0" failures="0" errors="0" timestamp="2014-06-18T15:29:37" hostname="ZNOTE" time="1.45">
  <properties/>
  <testcase name="testTTC2011SimpleMigration" classname="org.sdmlib.examples.helloworld.HelloWorldTTC2011" time="0.383"/>
  <testcase name="testTTC2011SimpleMigrationViaGenericGraphs" classname="org.sdmlib.examples.helloworld.HelloWorldTTC2011" time="0.353"/>
  <testcase name="testConstantTransformation1" classname="org.sdmlib.examples.helloworld.HelloWorldTTC2011" time="0.107"/>
  <testcase name="testConstantTransformation2" classname="org.sdmlib.examples.helloworld.HelloWorldTTC2011" time="0.092"/>
  <testcase name="testTTC2011HelloWorldReverseEdges" classname="org.sdmlib.examples.helloworld.HelloWorldTTC2011" time="0.091"/>
  <testcase name="testTTC2011HelloWorldCountNumberOfNodes" classname="org.sdmlib.examples.helloworld.HelloWorldTTC2011" time="0.147"/>
  <testcase name="testModelToTextTransformation" classname="org.sdmlib.examples.helloworld.HelloWorldTTC2011" time="0.079"/>
  <testcase name="testTTC2011DeleteNodeWithSpecificName" classname="org.sdmlib.examples.helloworld.HelloWorldTTC2011" time="0.077"/>
  <testcase name="testTTC2011InsertTransitiveEdges" classname="org.sdmlib.examples.helloworld.HelloWorldTTC2011" time="0.115"/>
  <system-out><![CDATA[Node ->Graph
Edge ->Graph
Edge ->Node
Edge ->Node
GraphComponent ->Graph
Edge ->Node
Edge ->Node
Node ->Graph
Node ->Node
Node ->Node
Node ->Graph
Edge ->Graph
Edge ->Node
Edge ->Node
GraphComponent ->Graph
Edge ->Node
Edge ->Node
Node ->Graph
Node ->Node
Node ->Node
Node ->Graph
Edge ->Graph
Edge ->Node
Edge ->Node
]]></system-out>
  <system-err><![CDATA[]]></system-err>
</testsuite>
