<?xml version="1.0" encoding="UTF-8"?>
<testsuite name="org.sdmlib.examples.mancala.MancalaModel" tests="2" skipped="0" failures="0" errors="0" timestamp="2014-06-18T15:29:39" hostname="ZNOTE" time="0.074">
  <properties/>
  <testcase name="MancalaModelCreation" classname="org.sdmlib.examples.mancala.MancalaModel" time="0.074"/>
  <testcase name="MancalaModelReverse" classname="org.sdmlib.examples.mancala.MancalaModel" time="0.0"/>
  <system-out><![CDATA[Player ->Mancala
Pit ->Mancala
Pit ->Player
no class files found !!!! END
]]></system-out>
  <system-err><![CDATA[in MancalaModel.java  duplicate name found in definition for Mancala
    at line 22    
      Role one vanilla game
in MancalaModel.java  duplicate name found in definition for Mancala
    at line 22    
      Role one vanilla game
]]></system-err>
</testsuite>
