<?xml version="1.0" encoding="UTF-8"?>
<testsuite name="org.sdmlib.examples.studyrightWithAssignments.StoryboardTests" tests="3" skipped="0" failures="0" errors="0" timestamp="2014-06-18T15:29:35" hostname="ZNOTE" time="0.267">
  <properties/>
  <testcase name="testStudyRightObjectModelSerialisation" classname="org.sdmlib.examples.studyrightWithAssignments.StoryboardTests" time="0.116"/>
  <testcase name="testStudyRightObjectModelNavigationAndQueries" classname="org.sdmlib.examples.studyrightWithAssignments.StoryboardTests" time="0.081"/>
  <testcase name="testStudyRightObjectStoryboards" classname="org.sdmlib.examples.studyrightWithAssignments.StoryboardTests" time="0.069"/>
  <system-out><![CDATA[match 1: Karli 4242 0 168 0 in room senate math 17
match 2: Abu 1337 0 168 0 in room gymnasium sports 25
match 3: Alice 2323 0 168 0 in room gymnasium sports 25
]]></system-out>
  <system-err><![CDATA[]]></system-err>
</testsuite>
