<?xml version="1.0" encoding="UTF-8"?>
<testsuite name="org.sdmlib.models.objects.GenericGraphModel" tests="1" skipped="0" failures="0" errors="0" timestamp="2014-06-18T15:29:39" hostname="ZNOTE" time="0.147">
  <properties/>
  <testcase name="testGenericGraphModel" classname="org.sdmlib.models.objects.GenericGraphModel" time="0.147"/>
  <system-out><![CDATA[GenericObject ->org.sdmlib.models.objects.GenericGraph
GenericAttribute ->org.sdmlib.models.objects.GenericObject
GenericLink ->org.sdmlib.models.objects.GenericObject
GenericLink ->org.sdmlib.models.objects.GenericObject
GenericLink ->org.sdmlib.models.objects.GenericGraph
]]></system-out>
  <system-err><![CDATA[]]></system-err>
</testsuite>
