<?xml version="1.0" encoding="UTF-8"?>
<testsuite name="org.sdmlib.models.objects.GenericObjectsTest" tests="1" skipped="0" failures="0" errors="0" timestamp="2014-06-18T15:29:39" hostname="ZNOTE" time="0.107">
  <properties/>
  <testcase name="testGenericObjectDiagram" classname="org.sdmlib.models.objects.GenericObjectsTest" time="0.107"/>
  <system-out><![CDATA[Floor ->de.kassel.roombook.Building
]]></system-out>
  <system-err><![CDATA[]]></system-err>
</testsuite>
