<?xml version="1.0" encoding="UTF-8"?>
<testsuite name="org.sdmlib.examples.SDMLib.ModelToTextToModelClassModel" tests="1" skipped="0" failures="0" errors="0" timestamp="2014-06-18T15:29:33" hostname="ZNOTE" time="0.383">
  <properties/>
  <testcase name="modelToTextToModelClassModel" classname="org.sdmlib.examples.SDMLib.ModelToTextToModelClassModel" time="0.383"/>
  <system-out><![CDATA[Template ->PlaceHolderDescription
PlaceHolderDescription ->Template
Template ->ChoiceTemplate
Match ->Template
Match ->PlaceHolderDescription
Match ->Match
PlaceHolderDescription ->Template
]]></system-out>
  <system-err><![CDATA[]]></system-err>
</testsuite>
