<?xml version="1.0" encoding="UTF-8"?>
<testsuite name="org.sdmlib.examples.ludo.LudoModel" tests="1" skipped="0" failures="0" errors="0" timestamp="2014-06-18T15:29:38" hostname="ZNOTE" time="0.232">
  <properties/>
  <testcase name="testLudoModel" classname="org.sdmlib.examples.ludo.LudoModel" time="0.232"/>
  <system-out><![CDATA[Player ->Ludo
Field ->Ludo
Pawn ->Player
Pawn ->Field
]]></system-out>
  <system-err><![CDATA[]]></system-err>
</testsuite>
