<?xml version="1.0" encoding="UTF-8"?>
<testsuite name="org.sdmlib.examples.adamandeve.AdamAndEveModel" tests="1" skipped="0" failures="0" errors="0" timestamp="2014-06-18T15:29:34" hostname="ZNOTE" time="0.121">
  <properties/>
  <testcase name="adamAndEveModel" classname="org.sdmlib.examples.adamandeve.AdamAndEveModel" time="0.121"/>
  <system-out><![CDATA[]]></system-out>
  <system-err><![CDATA[]]></system-err>
</testsuite>
